<?xml version="1.0" encoding="UTF-8"?>
<!-- Generated by org.testng.reporters.JUnitReportReporter -->
<testsuite hostname="Lenovo-PC" name="Runner.CucumberRunner" tests="1" failures="0" timestamp="22 Mar 2020 07:53:16 GMT" time="23.393" errors="0">
  <testcase name="feature" time="23.393" classname="Runner.CucumberRunner"/>
</testsuite> <!-- Runner.CucumberRunner -->
