<?xml version="1.0" encoding="UTF-8"?>
<!-- Generated by org.testng.reporters.JUnitReportReporter -->
<testsuite hostname="Lenovo-PC" name="cn.ianzhang.automation.AppiumTest" tests="1" failures="0" timestamp="19 Mar 2020 04:35:11 GMT" time="49.629" errors="0">
  <testcase name="calcTestcase" time="49.629" classname="cn.ianzhang.automation.AppiumTest"/>
</testsuite> <!-- cn.ianzhang.automation.AppiumTest -->
